<?xml version="1.0" encoding="UTF-8"?>
<!-- Generated by org.testng.reporters.JUnitReportReporter -->
<testsuite hostname="Sivam" failures="0" tests="2" name="execuationpack.DataProviderExam" time="1.875" errors="0" timestamp="2024-02-13T08:48:31 IST" skipped="0">
  <testcase classname="execuationpack.DataProviderExam" name="orngHRM" time="1.358"/>
  <testcase classname="execuationpack.DataProviderExam" name="orngHRM" time="0.517"/>
</testsuite> <!-- execuationpack.DataProviderExam -->
