<?xml version="1.0" encoding="UTF-8"?>
<!-- Generated by org.testng.reporters.JUnitReportReporter -->
<testsuite hostname="Sivam" failures="0" tests="5" name="execuationpack.PriorityEx" time="0.015" errors="0" timestamp="2024-02-13T07:42:11 IST" skipped="1">
  <testcase classname="execuationpack.PriorityEx" name="startTheCar" time="0.009"/>
  <testcase classname="execuationpack.PriorityEx" name="firstGear" time="0.003"/>
  <testcase classname="execuationpack.PriorityEx" name="secondGear" time="0.002"/>
  <testcase classname="execuationpack.PriorityEx" name="thirdGear" time="0.001"/>
  <testcase classname="execuationpack.PriorityEx" name="music">
    <skipped/>
  </testcase> <!-- music -->
</testsuite> <!-- execuationpack.PriorityEx -->
