<?xml version="1.0" encoding="UTF-8"?>
<!-- Generated by org.testng.reporters.JUnitReportReporter -->
<testsuite hostname="Sivam" failures="0" tests="3" name="execuationpack.DependeciesManagement" time="0.004" errors="0" timestamp="2024-02-17T06:57:12 IST" skipped="0">
  <testcase classname="execuationpack.DependeciesManagement" name="highSchool" time="0.001"/>
  <testcase classname="execuationpack.DependeciesManagement" name="higherSecondarySchool" time="0.001"/>
  <testcase classname="execuationpack.DependeciesManagement" name="engineering" time="0.002"/>
</testsuite> <!-- execuationpack.DependeciesManagement -->
