<?xml version="1.0" encoding="UTF-8"?>
<!-- Generated by org.testng.reporters.JUnitReportReporter -->
<testsuite hostname="Sivam" failures="0" tests="3" name="execuationpack.Test1" time="0.002" errors="0" timestamp="2024-02-17T06:57:12 IST" skipped="0">
  <testcase classname="execuationpack.Test1" name="fitstTestCase" time="0.000"/>
  <testcase classname="execuationpack.Test1" name="SecondTestCase" time="0.001"/>
  <testcase classname="execuationpack.Test1" name="thirdTestCase" time="0.001"/>
</testsuite> <!-- execuationpack.Test1 -->
