<?xml version="1.0" encoding="UTF-8"?>
<!-- Generated by org.testng.reporters.JUnitReportReporter -->
<testsuite hostname="Sivam" failures="0" tests="2" name="execuationpack.BrowserTest" time="1.829" errors="0" timestamp="2024-02-17T06:57:12 IST" skipped="0">
  <testcase classname="execuationpack.BrowserTest" name="flipkart" time="0.761"/>
  <testcase classname="execuationpack.BrowserTest" name="snapDeal" time="1.068"/>
</testsuite> <!-- execuationpack.BrowserTest -->
