<?xml version="1.0" encoding="UTF-8"?>
<!-- Generated by org.testng.reporters.JUnitReportReporter -->
<testsuite hostname="Sivam" failures="0" tests="2" name="execuationpack.NewTest" time="0.011" errors="0" timestamp="2024-02-11T20:00:53 IST" skipped="0">
  <testcase classname="execuationpack.NewTest" name="f" time="0.009"/>
  <testcase classname="execuationpack.NewTest" name="f1" time="0.002"/>
</testsuite> <!-- execuationpack.NewTest -->
