<?xml version="1.0" encoding="UTF-8"?>
<!-- Generated by org.testng.reporters.JUnitReportReporter -->
<testsuite hostname="Sivam" failures="0" tests="2" name="execuationpack.BrowserTest" time="2.214" errors="0" timestamp="2024-02-13T07:41:17 IST" skipped="0">
  <testcase classname="execuationpack.BrowserTest" name="flipkart" time="1.002"/>
  <testcase classname="execuationpack.BrowserTest" name="snapDeal" time="1.212"/>
</testsuite> <!-- execuationpack.BrowserTest -->
