<?xml version="1.0" encoding="UTF-8"?>
<!-- Generated by org.testng.reporters.JUnitReportReporter -->
<testsuite hostname="Sivam" failures="0" tests="2" name="execuationpack.GroupExample" time="0.017" errors="0" timestamp="2024-02-11T19:27:35 IST" skipped="0">
  <testcase classname="execuationpack.GroupExample" name="two" time="0.002"/>
  <testcase classname="execuationpack.GroupExample" name="one" time="0.015"/>
</testsuite> <!-- execuationpack.GroupExample -->
