<?xml version="1.0" encoding="UTF-8"?>
<!-- Generated by org.testng.reporters.JUnitReportReporter -->
<testsuite hostname="Sivam" failures="0" tests="4" name="execuationpack.ParallelExample" time="17.767" errors="0" timestamp="2024-02-11T19:54:25 IST" skipped="0">
  <testcase classname="execuationpack.ParallelExample" name="mavenRepo" time="4.580"/>
  <testcase classname="execuationpack.ParallelExample" name="amazone" time="4.362"/>
  <testcase classname="execuationpack.ParallelExample" name="snapdeal" time="3.440"/>
  <testcase classname="execuationpack.ParallelExample" name="flipkart" time="5.385"/>
</testsuite> <!-- execuationpack.ParallelExample -->
