<?xml version="1.0" encoding="UTF-8"?>
<!-- Generated by org.testng.reporters.JUnitReportReporter -->
<testsuite hostname="Sivam" failures="0" tests="1" name="execuationpack.ParameterizationExa" time="10.562" errors="0" timestamp="2024-02-11T19:45:41 IST" skipped="0">
  <testcase classname="execuationpack.ParameterizationExa" name="browserOpen" time="10.562"/>
</testsuite> <!-- execuationpack.ParameterizationExa -->
